[2025-12-22T16:55:29.316Z] Error: getaddrinfo EAI_AGAIN metro.proxy.rlwy.net
    at PromisePool.query (C:\Users\pc\Downloads\maxi platform\PLATFORM\backend\node_modules\mysql2\lib\promise\pool.js:36:22)
    at Property.findAll (C:\Users\pc\Downloads\maxi platform\PLATFORM\backend\models\Property.js:66:35)
    at exports.getAll (C:\Users\pc\Downloads\maxi platform\PLATFORM\backend\controllers\propertyController.js:10:43)
    at Layer.handle [as handle_request] (C:\Users\pc\Downloads\maxi platform\PLATFORM\backend\node_modules\express\lib\router\layer.js:95:5)
    at next (C:\Users\pc\Downloads\maxi platform\PLATFORM\backend\node_modules\express\lib\router\route.js:149:13)
    at Route.dispatch (C:\Users\pc\Downloads\maxi platform\PLATFORM\backend\node_modules\express\lib\router\route.js:119:3)
    at Layer.handle [as handle_request] (C:\Users\pc\Downloads\maxi platform\PLATFORM\backend\node_modules\express\lib\router\layer.js:95:5)
    at C:\Users\pc\Downloads\maxi platform\PLATFORM\backend\node_modules\express\lib\router\index.js:284:15
    at router.process_params (C:\Users\pc\Downloads\maxi platform\PLATFORM\backend\node_modules\express\lib\router\index.js:346:12)
    at next (C:\Users\pc\Downloads\maxi platform\PLATFORM\backend\node_modules\express\lib\router\index.js:280:10)

[2025-12-22T16:55:29.361Z] Error: getaddrinfo EAI_AGAIN metro.proxy.rlwy.net
    at PromisePool.query (C:\Users\pc\Downloads\maxi platform\PLATFORM\backend\node_modules\mysql2\lib\promise\pool.js:36:22)
    at Notification.getUnreadCount (C:\Users\pc\Downloads\maxi platform\PLATFORM\backend\models\Notification.js:32:37)
    at C:\Users\pc\Downloads\maxi platform\PLATFORM\backend\routes\notificationRoutes.js:21:42
    at Layer.handle [as handle_request] (C:\Users\pc\Downloads\maxi platform\PLATFORM\backend\node_modules\express\lib\router\layer.js:95:5)
    at next (C:\Users\pc\Downloads\maxi platform\PLATFORM\backend\node_modules\express\lib\router\route.js:149:13)
    at module.exports (C:\Users\pc\Downloads\maxi platform\PLATFORM\backend\middleware\auth.js:12:5)
    at Layer.handle [as handle_request] (C:\Users\pc\Downloads\maxi platform\PLATFORM\backend\node_modules\express\lib\router\layer.js:95:5)
    at next (C:\Users\pc\Downloads\maxi platform\PLATFORM\backend\node_modules\express\lib\router\route.js:149:13)
    at Route.dispatch (C:\Users\pc\Downloads\maxi platform\PLATFORM\backend\node_modules\express\lib\router\route.js:119:3)
    at Layer.handle [as handle_request] (C:\Users\pc\Downloads\maxi platform\PLATFORM\backend\node_modules\express\lib\router\layer.js:95:5)

[2025-12-22T16:55:29.370Z] Error: getaddrinfo EAI_AGAIN metro.proxy.rlwy.net
    at PromisePool.query (C:\Users\pc\Downloads\maxi platform\PLATFORM\backend\node_modules\mysql2\lib\promise\pool.js:36:22)
    at Notification.findAllByUserId (C:\Users\pc\Downloads\maxi platform\PLATFORM\backend\models\Notification.js:27:35)
    at C:\Users\pc\Downloads\maxi platform\PLATFORM\backend\routes\notificationRoutes.js:10:50
    at Layer.handle [as handle_request] (C:\Users\pc\Downloads\maxi platform\PLATFORM\backend\node_modules\express\lib\router\layer.js:95:5)
    at next (C:\Users\pc\Downloads\maxi platform\PLATFORM\backend\node_modules\express\lib\router\route.js:149:13)
    at module.exports (C:\Users\pc\Downloads\maxi platform\PLATFORM\backend\middleware\auth.js:12:5)
    at Layer.handle [as handle_request] (C:\Users\pc\Downloads\maxi platform\PLATFORM\backend\node_modules\express\lib\router\layer.js:95:5)
    at next (C:\Users\pc\Downloads\maxi platform\PLATFORM\backend\node_modules\express\lib\router\route.js:149:13)
    at Route.dispatch (C:\Users\pc\Downloads\maxi platform\PLATFORM\backend\node_modules\express\lib\router\route.js:119:3)
    at Layer.handle [as handle_request] (C:\Users\pc\Downloads\maxi platform\PLATFORM\backend\node_modules\express\lib\router\layer.js:95:5)

[2025-12-22T16:55:29.413Z] Error: getaddrinfo EAI_AGAIN metro.proxy.rlwy.net
    at PromisePool.query (C:\Users\pc\Downloads\maxi platform\PLATFORM\backend\node_modules\mysql2\lib\promise\pool.js:36:22)
    at Property.findAll (C:\Users\pc\Downloads\maxi platform\PLATFORM\backend\models\Property.js:66:35)
    at exports.getAll (C:\Users\pc\Downloads\maxi platform\PLATFORM\backend\controllers\propertyController.js:10:43)
    at Layer.handle [as handle_request] (C:\Users\pc\Downloads\maxi platform\PLATFORM\backend\node_modules\express\lib\router\layer.js:95:5)
    at next (C:\Users\pc\Downloads\maxi platform\PLATFORM\backend\node_modules\express\lib\router\route.js:149:13)
    at Route.dispatch (C:\Users\pc\Downloads\maxi platform\PLATFORM\backend\node_modules\express\lib\router\route.js:119:3)
    at Layer.handle [as handle_request] (C:\Users\pc\Downloads\maxi platform\PLATFORM\backend\node_modules\express\lib\router\layer.js:95:5)
    at C:\Users\pc\Downloads\maxi platform\PLATFORM\backend\node_modules\express\lib\router\index.js:284:15
    at router.process_params (C:\Users\pc\Downloads\maxi platform\PLATFORM\backend\node_modules\express\lib\router\index.js:346:12)
    at next (C:\Users\pc\Downloads\maxi platform\PLATFORM\backend\node_modules\express\lib\router\index.js:280:10)

[2025-12-22T16:55:56.071Z] Error: read ECONNRESET
    at PromisePool.query (C:\Users\pc\Downloads\maxi platform\PLATFORM\backend\node_modules\mysql2\lib\promise\pool.js:36:22)
    at Notification.findAllByUserId (C:\Users\pc\Downloads\maxi platform\PLATFORM\backend\models\Notification.js:27:35)
    at C:\Users\pc\Downloads\maxi platform\PLATFORM\backend\routes\notificationRoutes.js:10:50
    at Layer.handle [as handle_request] (C:\Users\pc\Downloads\maxi platform\PLATFORM\backend\node_modules\express\lib\router\layer.js:95:5)
    at next (C:\Users\pc\Downloads\maxi platform\PLATFORM\backend\node_modules\express\lib\router\route.js:149:13)
    at module.exports (C:\Users\pc\Downloads\maxi platform\PLATFORM\backend\middleware\auth.js:12:5)
    at Layer.handle [as handle_request] (C:\Users\pc\Downloads\maxi platform\PLATFORM\backend\node_modules\express\lib\router\layer.js:95:5)
    at next (C:\Users\pc\Downloads\maxi platform\PLATFORM\backend\node_modules\express\lib\router\route.js:149:13)
    at Route.dispatch (C:\Users\pc\Downloads\maxi platform\PLATFORM\backend\node_modules\express\lib\router\route.js:119:3)
    at Layer.handle [as handle_request] (C:\Users\pc\Downloads\maxi platform\PLATFORM\backend\node_modules\express\lib\router\layer.js:95:5)

[2025-12-22T16:56:09.002Z] Error: read ECONNRESET
    at PromisePool.query (C:\Users\pc\Downloads\maxi platform\PLATFORM\backend\node_modules\mysql2\lib\promise\pool.js:36:22)
    at Notification.getUnreadCount (C:\Users\pc\Downloads\maxi platform\PLATFORM\backend\models\Notification.js:32:37)
    at C:\Users\pc\Downloads\maxi platform\PLATFORM\backend\routes\notificationRoutes.js:21:42
    at Layer.handle [as handle_request] (C:\Users\pc\Downloads\maxi platform\PLATFORM\backend\node_modules\express\lib\router\layer.js:95:5)
    at next (C:\Users\pc\Downloads\maxi platform\PLATFORM\backend\node_modules\express\lib\router\route.js:149:13)
    at module.exports (C:\Users\pc\Downloads\maxi platform\PLATFORM\backend\middleware\auth.js:12:5)
    at Layer.handle [as handle_request] (C:\Users\pc\Downloads\maxi platform\PLATFORM\backend\node_modules\express\lib\router\layer.js:95:5)
    at next (C:\Users\pc\Downloads\maxi platform\PLATFORM\backend\node_modules\express\lib\router\route.js:149:13)
    at Route.dispatch (C:\Users\pc\Downloads\maxi platform\PLATFORM\backend\node_modules\express\lib\router\route.js:119:3)
    at Layer.handle [as handle_request] (C:\Users\pc\Downloads\maxi platform\PLATFORM\backend\node_modules\express\lib\router\layer.js:95:5)

[2025-12-22T16:56:10.568Z] Error: read ECONNRESET
    at PromisePool.query (C:\Users\pc\Downloads\maxi platform\PLATFORM\backend\node_modules\mysql2\lib\promise\pool.js:36:22)
    at Property.findAll (C:\Users\pc\Downloads\maxi platform\PLATFORM\backend\models\Property.js:66:35)
    at exports.getAll (C:\Users\pc\Downloads\maxi platform\PLATFORM\backend\controllers\propertyController.js:10:43)
    at Layer.handle [as handle_request] (C:\Users\pc\Downloads\maxi platform\PLATFORM\backend\node_modules\express\lib\router\layer.js:95:5)
    at next (C:\Users\pc\Downloads\maxi platform\PLATFORM\backend\node_modules\express\lib\router\route.js:149:13)
    at Route.dispatch (C:\Users\pc\Downloads\maxi platform\PLATFORM\backend\node_modules\express\lib\router\route.js:119:3)
    at Layer.handle [as handle_request] (C:\Users\pc\Downloads\maxi platform\PLATFORM\backend\node_modules\express\lib\router\layer.js:95:5)
    at C:\Users\pc\Downloads\maxi platform\PLATFORM\backend\node_modules\express\lib\router\index.js:284:15
    at router.process_params (C:\Users\pc\Downloads\maxi platform\PLATFORM\backend\node_modules\express\lib\router\index.js:346:12)
    at next (C:\Users\pc\Downloads\maxi platform\PLATFORM\backend\node_modules\express\lib\router\index.js:280:10)

[2025-12-22T16:57:39.339Z] Error: read ECONNRESET
    at PromisePool.query (C:\Users\pc\Downloads\maxi platform\PLATFORM\backend\node_modules\mysql2\lib\promise\pool.js:36:22)
    at Notification.getUnreadCount (C:\Users\pc\Downloads\maxi platform\PLATFORM\backend\models\Notification.js:32:37)
    at C:\Users\pc\Downloads\maxi platform\PLATFORM\backend\routes\notificationRoutes.js:21:42
    at Layer.handle [as handle_request] (C:\Users\pc\Downloads\maxi platform\PLATFORM\backend\node_modules\express\lib\router\layer.js:95:5)
    at next (C:\Users\pc\Downloads\maxi platform\PLATFORM\backend\node_modules\express\lib\router\route.js:149:13)
    at module.exports (C:\Users\pc\Downloads\maxi platform\PLATFORM\backend\middleware\auth.js:12:5)
    at Layer.handle [as handle_request] (C:\Users\pc\Downloads\maxi platform\PLATFORM\backend\node_modules\express\lib\router\layer.js:95:5)
    at next (C:\Users\pc\Downloads\maxi platform\PLATFORM\backend\node_modules\express\lib\router\route.js:149:13)
    at Route.dispatch (C:\Users\pc\Downloads\maxi platform\PLATFORM\backend\node_modules\express\lib\router\route.js:119:3)
    at Layer.handle [as handle_request] (C:\Users\pc\Downloads\maxi platform\PLATFORM\backend\node_modules\express\lib\router\layer.js:95:5)

[2025-12-22T16:57:56.438Z] Error: read ECONNRESET
    at PromisePool.query (C:\Users\pc\Downloads\maxi platform\PLATFORM\backend\node_modules\mysql2\lib\promise\pool.js:36:22)
    at Favorite.isFavorited (C:\Users\pc\Downloads\maxi platform\PLATFORM\backend\models\Favorite.js:64:37)
    at exports.checkFavoriteStatus (C:\Users\pc\Downloads\maxi platform\PLATFORM\backend\controllers\propertyController.js:233:44)
    at Layer.handle [as handle_request] (C:\Users\pc\Downloads\maxi platform\PLATFORM\backend\node_modules\express\lib\router\layer.js:95:5)
    at next (C:\Users\pc\Downloads\maxi platform\PLATFORM\backend\node_modules\express\lib\router\route.js:149:13)
    at module.exports (C:\Users\pc\Downloads\maxi platform\PLATFORM\backend\middleware\auth.js:12:5)
    at Layer.handle [as handle_request] (C:\Users\pc\Downloads\maxi platform\PLATFORM\backend\node_modules\express\lib\router\layer.js:95:5)
    at next (C:\Users\pc\Downloads\maxi platform\PLATFORM\backend\node_modules\express\lib\router\route.js:149:13)
    at Route.dispatch (C:\Users\pc\Downloads\maxi platform\PLATFORM\backend\node_modules\express\lib\router\route.js:119:3)
    at Layer.handle [as handle_request] (C:\Users\pc\Downloads\maxi platform\PLATFORM\backend\node_modules\express\lib\router\layer.js:95:5)

[2025-12-23T14:18:52.510Z] Error: getaddrinfo EAI_AGAIN metro.proxy.rlwy.net
    at PromisePool.query (C:\Users\pc\Downloads\maxi platform\PLATFORM\backend\node_modules\mysql2\lib\promise\pool.js:36:22)
    at Property.findAll (C:\Users\pc\Downloads\maxi platform\PLATFORM\backend\models\Property.js:66:35)
    at exports.getAll (C:\Users\pc\Downloads\maxi platform\PLATFORM\backend\controllers\propertyController.js:10:43)
    at Layer.handle [as handle_request] (C:\Users\pc\Downloads\maxi platform\PLATFORM\backend\node_modules\express\lib\router\layer.js:95:5)
    at next (C:\Users\pc\Downloads\maxi platform\PLATFORM\backend\node_modules\express\lib\router\route.js:149:13)
    at Route.dispatch (C:\Users\pc\Downloads\maxi platform\PLATFORM\backend\node_modules\express\lib\router\route.js:119:3)
    at Layer.handle [as handle_request] (C:\Users\pc\Downloads\maxi platform\PLATFORM\backend\node_modules\express\lib\router\layer.js:95:5)
    at C:\Users\pc\Downloads\maxi platform\PLATFORM\backend\node_modules\express\lib\router\index.js:284:15
    at router.process_params (C:\Users\pc\Downloads\maxi platform\PLATFORM\backend\node_modules\express\lib\router\index.js:346:12)
    at next (C:\Users\pc\Downloads\maxi platform\PLATFORM\backend\node_modules\express\lib\router\index.js:280:10)

[2025-12-23T14:18:52.520Z] Error: getaddrinfo EAI_AGAIN metro.proxy.rlwy.net
    at PromisePool.query (C:\Users\pc\Downloads\maxi platform\PLATFORM\backend\node_modules\mysql2\lib\promise\pool.js:36:22)
    at Notification.findAllByUserId (C:\Users\pc\Downloads\maxi platform\PLATFORM\backend\models\Notification.js:27:35)
    at C:\Users\pc\Downloads\maxi platform\PLATFORM\backend\routes\notificationRoutes.js:10:50
    at Layer.handle [as handle_request] (C:\Users\pc\Downloads\maxi platform\PLATFORM\backend\node_modules\express\lib\router\layer.js:95:5)
    at next (C:\Users\pc\Downloads\maxi platform\PLATFORM\backend\node_modules\express\lib\router\route.js:149:13)
    at module.exports (C:\Users\pc\Downloads\maxi platform\PLATFORM\backend\middleware\auth.js:12:5)
    at Layer.handle [as handle_request] (C:\Users\pc\Downloads\maxi platform\PLATFORM\backend\node_modules\express\lib\router\layer.js:95:5)
    at next (C:\Users\pc\Downloads\maxi platform\PLATFORM\backend\node_modules\express\lib\router\route.js:149:13)
    at Route.dispatch (C:\Users\pc\Downloads\maxi platform\PLATFORM\backend\node_modules\express\lib\router\route.js:119:3)
    at Layer.handle [as handle_request] (C:\Users\pc\Downloads\maxi platform\PLATFORM\backend\node_modules\express\lib\router\layer.js:95:5)

[2025-12-23T14:18:52.531Z] Error: getaddrinfo EAI_AGAIN metro.proxy.rlwy.net
    at PromisePool.query (C:\Users\pc\Downloads\maxi platform\PLATFORM\backend\node_modules\mysql2\lib\promise\pool.js:36:22)
    at Notification.getUnreadCount (C:\Users\pc\Downloads\maxi platform\PLATFORM\backend\models\Notification.js:32:37)
    at C:\Users\pc\Downloads\maxi platform\PLATFORM\backend\routes\notificationRoutes.js:21:42
    at Layer.handle [as handle_request] (C:\Users\pc\Downloads\maxi platform\PLATFORM\backend\node_modules\express\lib\router\layer.js:95:5)
    at next (C:\Users\pc\Downloads\maxi platform\PLATFORM\backend\node_modules\express\lib\router\route.js:149:13)
    at module.exports (C:\Users\pc\Downloads\maxi platform\PLATFORM\backend\middleware\auth.js:12:5)
    at Layer.handle [as handle_request] (C:\Users\pc\Downloads\maxi platform\PLATFORM\backend\node_modules\express\lib\router\layer.js:95:5)
    at next (C:\Users\pc\Downloads\maxi platform\PLATFORM\backend\node_modules\express\lib\router\route.js:149:13)
    at Route.dispatch (C:\Users\pc\Downloads\maxi platform\PLATFORM\backend\node_modules\express\lib\router\route.js:119:3)
    at Layer.handle [as handle_request] (C:\Users\pc\Downloads\maxi platform\PLATFORM\backend\node_modules\express\lib\router\layer.js:95:5)

[2025-12-23T14:18:52.547Z] Error: getaddrinfo EAI_AGAIN metro.proxy.rlwy.net
    at PromisePool.query (C:\Users\pc\Downloads\maxi platform\PLATFORM\backend\node_modules\mysql2\lib\promise\pool.js:36:22)
    at Property.findAll (C:\Users\pc\Downloads\maxi platform\PLATFORM\backend\models\Property.js:66:35)
    at exports.getAll (C:\Users\pc\Downloads\maxi platform\PLATFORM\backend\controllers\propertyController.js:10:43)
    at Layer.handle [as handle_request] (C:\Users\pc\Downloads\maxi platform\PLATFORM\backend\node_modules\express\lib\router\layer.js:95:5)
    at next (C:\Users\pc\Downloads\maxi platform\PLATFORM\backend\node_modules\express\lib\router\route.js:149:13)
    at Route.dispatch (C:\Users\pc\Downloads\maxi platform\PLATFORM\backend\node_modules\express\lib\router\route.js:119:3)
    at Layer.handle [as handle_request] (C:\Users\pc\Downloads\maxi platform\PLATFORM\backend\node_modules\express\lib\router\layer.js:95:5)
    at C:\Users\pc\Downloads\maxi platform\PLATFORM\backend\node_modules\express\lib\router\index.js:284:15
    at router.process_params (C:\Users\pc\Downloads\maxi platform\PLATFORM\backend\node_modules\express\lib\router\index.js:346:12)
    at next (C:\Users\pc\Downloads\maxi platform\PLATFORM\backend\node_modules\express\lib\router\index.js:280:10)

[2025-12-23T14:19:00.878Z] Error: getaddrinfo EAI_AGAIN metro.proxy.rlwy.net
    at PromisePool.query (C:\Users\pc\Downloads\maxi platform\PLATFORM\backend\node_modules\mysql2\lib\promise\pool.js:36:22)
    at Property.findAll (C:\Users\pc\Downloads\maxi platform\PLATFORM\backend\models\Property.js:66:35)
    at exports.getAll (C:\Users\pc\Downloads\maxi platform\PLATFORM\backend\controllers\propertyController.js:10:43)
    at Layer.handle [as handle_request] (C:\Users\pc\Downloads\maxi platform\PLATFORM\backend\node_modules\express\lib\router\layer.js:95:5)
    at next (C:\Users\pc\Downloads\maxi platform\PLATFORM\backend\node_modules\express\lib\router\route.js:149:13)
    at Route.dispatch (C:\Users\pc\Downloads\maxi platform\PLATFORM\backend\node_modules\express\lib\router\route.js:119:3)
    at Layer.handle [as handle_request] (C:\Users\pc\Downloads\maxi platform\PLATFORM\backend\node_modules\express\lib\router\layer.js:95:5)
    at C:\Users\pc\Downloads\maxi platform\PLATFORM\backend\node_modules\express\lib\router\index.js:284:15
    at router.process_params (C:\Users\pc\Downloads\maxi platform\PLATFORM\backend\node_modules\express\lib\router\index.js:346:12)
    at next (C:\Users\pc\Downloads\maxi platform\PLATFORM\backend\node_modules\express\lib\router\index.js:280:10)

[2025-12-23T14:19:00.891Z] Error: getaddrinfo EAI_AGAIN metro.proxy.rlwy.net
    at PromisePool.query (C:\Users\pc\Downloads\maxi platform\PLATFORM\backend\node_modules\mysql2\lib\promise\pool.js:36:22)
    at Notification.getUnreadCount (C:\Users\pc\Downloads\maxi platform\PLATFORM\backend\models\Notification.js:32:37)
    at C:\Users\pc\Downloads\maxi platform\PLATFORM\backend\routes\notificationRoutes.js:21:42
    at Layer.handle [as handle_request] (C:\Users\pc\Downloads\maxi platform\PLATFORM\backend\node_modules\express\lib\router\layer.js:95:5)
    at next (C:\Users\pc\Downloads\maxi platform\PLATFORM\backend\node_modules\express\lib\router\route.js:149:13)
    at module.exports (C:\Users\pc\Downloads\maxi platform\PLATFORM\backend\middleware\auth.js:12:5)
    at Layer.handle [as handle_request] (C:\Users\pc\Downloads\maxi platform\PLATFORM\backend\node_modules\express\lib\router\layer.js:95:5)
    at next (C:\Users\pc\Downloads\maxi platform\PLATFORM\backend\node_modules\express\lib\router\route.js:149:13)
    at Route.dispatch (C:\Users\pc\Downloads\maxi platform\PLATFORM\backend\node_modules\express\lib\router\route.js:119:3)
    at Layer.handle [as handle_request] (C:\Users\pc\Downloads\maxi platform\PLATFORM\backend\node_modules\express\lib\router\layer.js:95:5)

[2025-12-23T14:19:00.887Z] Error: getaddrinfo EAI_AGAIN metro.proxy.rlwy.net
    at PromisePool.query (C:\Users\pc\Downloads\maxi platform\PLATFORM\backend\node_modules\mysql2\lib\promise\pool.js:36:22)
    at Notification.findAllByUserId (C:\Users\pc\Downloads\maxi platform\PLATFORM\backend\models\Notification.js:27:35)
    at C:\Users\pc\Downloads\maxi platform\PLATFORM\backend\routes\notificationRoutes.js:10:50
    at Layer.handle [as handle_request] (C:\Users\pc\Downloads\maxi platform\PLATFORM\backend\node_modules\express\lib\router\layer.js:95:5)
    at next (C:\Users\pc\Downloads\maxi platform\PLATFORM\backend\node_modules\express\lib\router\route.js:149:13)
    at module.exports (C:\Users\pc\Downloads\maxi platform\PLATFORM\backend\middleware\auth.js:12:5)
    at Layer.handle [as handle_request] (C:\Users\pc\Downloads\maxi platform\PLATFORM\backend\node_modules\express\lib\router\layer.js:95:5)
    at next (C:\Users\pc\Downloads\maxi platform\PLATFORM\backend\node_modules\express\lib\router\route.js:149:13)
    at Route.dispatch (C:\Users\pc\Downloads\maxi platform\PLATFORM\backend\node_modules\express\lib\router\route.js:119:3)
    at Layer.handle [as handle_request] (C:\Users\pc\Downloads\maxi platform\PLATFORM\backend\node_modules\express\lib\router\layer.js:95:5)

[2025-12-23T14:19:00.898Z] Error: getaddrinfo EAI_AGAIN metro.proxy.rlwy.net
    at PromisePool.query (C:\Users\pc\Downloads\maxi platform\PLATFORM\backend\node_modules\mysql2\lib\promise\pool.js:36:22)
    at Property.findAll (C:\Users\pc\Downloads\maxi platform\PLATFORM\backend\models\Property.js:66:35)
    at exports.getAll (C:\Users\pc\Downloads\maxi platform\PLATFORM\backend\controllers\propertyController.js:10:43)
    at Layer.handle [as handle_request] (C:\Users\pc\Downloads\maxi platform\PLATFORM\backend\node_modules\express\lib\router\layer.js:95:5)
    at next (C:\Users\pc\Downloads\maxi platform\PLATFORM\backend\node_modules\express\lib\router\route.js:149:13)
    at Route.dispatch (C:\Users\pc\Downloads\maxi platform\PLATFORM\backend\node_modules\express\lib\router\route.js:119:3)
    at Layer.handle [as handle_request] (C:\Users\pc\Downloads\maxi platform\PLATFORM\backend\node_modules\express\lib\router\layer.js:95:5)
    at C:\Users\pc\Downloads\maxi platform\PLATFORM\backend\node_modules\express\lib\router\index.js:284:15
    at router.process_params (C:\Users\pc\Downloads\maxi platform\PLATFORM\backend\node_modules\express\lib\router\index.js:346:12)
    at next (C:\Users\pc\Downloads\maxi platform\PLATFORM\backend\node_modules\express\lib\router\index.js:280:10)

[2025-12-23T14:19:03.295Z] Error: getaddrinfo EAI_AGAIN metro.proxy.rlwy.net
    at PromisePool.query (C:\Users\pc\Downloads\maxi platform\PLATFORM\backend\node_modules\mysql2\lib\promise\pool.js:36:22)
    at Property.findAll (C:\Users\pc\Downloads\maxi platform\PLATFORM\backend\models\Property.js:66:35)
    at exports.getAll (C:\Users\pc\Downloads\maxi platform\PLATFORM\backend\controllers\propertyController.js:10:43)
    at Layer.handle [as handle_request] (C:\Users\pc\Downloads\maxi platform\PLATFORM\backend\node_modules\express\lib\router\layer.js:95:5)
    at next (C:\Users\pc\Downloads\maxi platform\PLATFORM\backend\node_modules\express\lib\router\route.js:149:13)
    at Route.dispatch (C:\Users\pc\Downloads\maxi platform\PLATFORM\backend\node_modules\express\lib\router\route.js:119:3)
    at Layer.handle [as handle_request] (C:\Users\pc\Downloads\maxi platform\PLATFORM\backend\node_modules\express\lib\router\layer.js:95:5)
    at C:\Users\pc\Downloads\maxi platform\PLATFORM\backend\node_modules\express\lib\router\index.js:284:15
    at router.process_params (C:\Users\pc\Downloads\maxi platform\PLATFORM\backend\node_modules\express\lib\router\index.js:346:12)
    at next (C:\Users\pc\Downloads\maxi platform\PLATFORM\backend\node_modules\express\lib\router\index.js:280:10)

[2025-12-23T14:19:03.306Z] Error: getaddrinfo EAI_AGAIN metro.proxy.rlwy.net
    at PromisePool.query (C:\Users\pc\Downloads\maxi platform\PLATFORM\backend\node_modules\mysql2\lib\promise\pool.js:36:22)
    at Property.findAll (C:\Users\pc\Downloads\maxi platform\PLATFORM\backend\models\Property.js:66:35)
    at exports.getAll (C:\Users\pc\Downloads\maxi platform\PLATFORM\backend\controllers\propertyController.js:10:43)
    at Layer.handle [as handle_request] (C:\Users\pc\Downloads\maxi platform\PLATFORM\backend\node_modules\express\lib\router\layer.js:95:5)
    at next (C:\Users\pc\Downloads\maxi platform\PLATFORM\backend\node_modules\express\lib\router\route.js:149:13)
    at Route.dispatch (C:\Users\pc\Downloads\maxi platform\PLATFORM\backend\node_modules\express\lib\router\route.js:119:3)
    at Layer.handle [as handle_request] (C:\Users\pc\Downloads\maxi platform\PLATFORM\backend\node_modules\express\lib\router\layer.js:95:5)
    at C:\Users\pc\Downloads\maxi platform\PLATFORM\backend\node_modules\express\lib\router\index.js:284:15
    at router.process_params (C:\Users\pc\Downloads\maxi platform\PLATFORM\backend\node_modules\express\lib\router\index.js:346:12)
    at next (C:\Users\pc\Downloads\maxi platform\PLATFORM\backend\node_modules\express\lib\router\index.js:280:10)

[2025-12-23T14:19:03.349Z] Error: getaddrinfo EAI_AGAIN metro.proxy.rlwy.net
    at PromisePool.query (C:\Users\pc\Downloads\maxi platform\PLATFORM\backend\node_modules\mysql2\lib\promise\pool.js:36:22)
    at Notification.findAllByUserId (C:\Users\pc\Downloads\maxi platform\PLATFORM\backend\models\Notification.js:27:35)
    at C:\Users\pc\Downloads\maxi platform\PLATFORM\backend\routes\notificationRoutes.js:10:50
    at Layer.handle [as handle_request] (C:\Users\pc\Downloads\maxi platform\PLATFORM\backend\node_modules\express\lib\router\layer.js:95:5)
    at next (C:\Users\pc\Downloads\maxi platform\PLATFORM\backend\node_modules\express\lib\router\route.js:149:13)
    at module.exports (C:\Users\pc\Downloads\maxi platform\PLATFORM\backend\middleware\auth.js:12:5)
    at Layer.handle [as handle_request] (C:\Users\pc\Downloads\maxi platform\PLATFORM\backend\node_modules\express\lib\router\layer.js:95:5)
    at next (C:\Users\pc\Downloads\maxi platform\PLATFORM\backend\node_modules\express\lib\router\route.js:149:13)
    at Route.dispatch (C:\Users\pc\Downloads\maxi platform\PLATFORM\backend\node_modules\express\lib\router\route.js:119:3)
    at Layer.handle [as handle_request] (C:\Users\pc\Downloads\maxi platform\PLATFORM\backend\node_modules\express\lib\router\layer.js:95:5)

[2025-12-23T14:19:03.353Z] Error: getaddrinfo EAI_AGAIN metro.proxy.rlwy.net
    at PromisePool.query (C:\Users\pc\Downloads\maxi platform\PLATFORM\backend\node_modules\mysql2\lib\promise\pool.js:36:22)
    at Notification.getUnreadCount (C:\Users\pc\Downloads\maxi platform\PLATFORM\backend\models\Notification.js:32:37)
    at C:\Users\pc\Downloads\maxi platform\PLATFORM\backend\routes\notificationRoutes.js:21:42
    at Layer.handle [as handle_request] (C:\Users\pc\Downloads\maxi platform\PLATFORM\backend\node_modules\express\lib\router\layer.js:95:5)
    at next (C:\Users\pc\Downloads\maxi platform\PLATFORM\backend\node_modules\express\lib\router\route.js:149:13)
    at module.exports (C:\Users\pc\Downloads\maxi platform\PLATFORM\backend\middleware\auth.js:12:5)
    at Layer.handle [as handle_request] (C:\Users\pc\Downloads\maxi platform\PLATFORM\backend\node_modules\express\lib\router\layer.js:95:5)
    at next (C:\Users\pc\Downloads\maxi platform\PLATFORM\backend\node_modules\express\lib\router\route.js:149:13)
    at Route.dispatch (C:\Users\pc\Downloads\maxi platform\PLATFORM\backend\node_modules\express\lib\router\route.js:119:3)
    at Layer.handle [as handle_request] (C:\Users\pc\Downloads\maxi platform\PLATFORM\backend\node_modules\express\lib\router\layer.js:95:5)

